<?xml version="1.0" encoding="UTF-8"?>
<!-- Generated by org.testng.reporters.JUnitReportReporter -->
<testsuite hostname="Zaid" failures="0" tests="1" name="poem_advanced.MyAppiumClass" time="16.403" errors="0" timestamp="2023-11-15T05:35:42 EET" skipped="0">
  <testcase classname="poem_advanced.MyAppiumClass" name="TestCalclulatorApp" time="16.403"/>
  <system-out/>
</testsuite> <!-- poem_advanced.MyAppiumClass -->
